<?xml version="1.0" encoding="UTF-8"?>
<!-- Generated by org.testng.reporters.JUnitReportReporter -->
<testsuite skipped="0" hostname="bynry17-ThinkCentre-M90" name="com.POM_Without_PageFactory.Verify_LoginPage" tests="1" failures="0" timestamp="24 Feb 2018 09:35:25 GMT" time="21.042" errors="0">
  <testcase name="verifyLoginpage" time="21.042" classname="com.POM_Without_PageFactory.Verify_LoginPage"/>
</testsuite> <!-- com.POM_Without_PageFactory.Verify_LoginPage -->
