<?xml version="1.0" encoding="UTF-8"?>
<!-- Generated by org.testng.reporters.JUnitReportReporter -->
<testsuite skipped="0" hostname="bynry17-ThinkCentre-M90" name="com.POMPageFactoryDemo.RunTest" tests="1" failures="0" timestamp="20 Mar 2018 09:27:49 GMT" time="2.484" errors="0">
  <testcase name="LoginTest" time="2.484" classname="com.POMPageFactoryDemo.RunTest"/>
</testsuite> <!-- com.POMPageFactoryDemo.RunTest -->
