<?xml version="1.0" encoding="UTF-8"?>
<!-- Generated by org.testng.reporters.JUnitReportReporter -->
<testsuite skipped="0" hostname="bynry17-ThinkCentre-M90" name="com.TestNG.DataProvider_Demo" tests="3" failures="0" timestamp="13 Feb 2018 12:42:48 GMT" time="5.039" errors="0">
  <testcase name="Echo_Login" time="1.130" classname="com.TestNG.DataProvider_Demo"/>
  <testcase name="Echo_Login" time="1.159" classname="com.TestNG.DataProvider_Demo"/>
  <testcase name="Echo_Login" time="2.750" classname="com.TestNG.DataProvider_Demo"/>
</testsuite> <!-- com.TestNG.DataProvider_Demo -->
